# JRE version: Java(TM) SE Runtime Environment (21.0.1+12) (build 21.0.1+12-LTS-29)
# Java VM: Java HotSpot(TM) 64-Bit Server VM (21.0.1+12-LTS-29, mixed mode, sharing, tiered, compressed oops, compressed class ptrs, g1 gc, windows-amd64)
GC Precious Log:
 CardTable entry size: 512
 Card Set container configuration: InlinePtr #cards 5 size 8 Array Of Cards #cards 12 size 40 Howl #buckets 4 coarsen threshold 1843 Howl Bitmap #cards 512 size 80 coarsen threshold 460 Card regions per heap region 1 cards per card region 2048
 CPUs: 12 total, 12 available
 Memory: 7929M
 Large Page Support: Disabled
 NUMA Support: Disabled
 Compressed Oops: Enabled (32-bit)
 Heap Region Size: 1M
 Heap Min Capacity: 8M
 Heap Initial Capacity: 124M
 Heap Max Capacity: 1984M
 Pre-touch: Disabled
 Parallel Workers: 10
 Concurrent Workers: 3
 Concurrent Refinement Workers: 10
 Periodic GC: Disabled
Heap:
 garbage-first heap   total 61440K, used 28576K [0x0000000084000000, 0x0000000100000000)
  region size 1024K, 9 young (9216K), 4 survivors (4096K)
 Metaspace       used 59625K, committed 60288K, reserved 1114112K
  class space    used 7901K, committed 8192K, reserved 1048576K
GC Heap History (18 events):
Event: 0.380 GC heap before
{Heap before GC invocations=0 (full 0):
 garbage-first heap   total 126976K, used 23552K [0x0000000084000000, 0x0000000100000000)
  region size 1024K, 23 young (23552K), 0 survivors (0K)
 Metaspace       used 5847K, committed 6080K, reserved 1114112K
  class space    used 668K, committed 768K, reserved 1048576K
}
Event: 0.383 GC heap after
{Heap after GC invocations=1 (full 0):
 garbage-first heap   total 126976K, used 6441K [0x0000000084000000, 0x0000000100000000)
  region size 1024K, 3 young (3072K), 3 survivors (3072K)
 Metaspace       used 5847K, committed 6080K, reserved 1114112K
  class space    used 668K, committed 768K, reserved 1048576K
}
Event: 0.658 GC heap before
{Heap before GC invocations=1 (full 0):
 garbage-first heap   total 126976K, used 36137K [0x0000000084000000, 0x0000000100000000)
  region size 1024K, 33 young (33792K), 3 survivors (3072K)
 Metaspace       used 14153K, committed 14400K, reserved 1114112K
  class space    used 1689K, committed 1792K, reserved 1048576K
}
Event: 0.661 GC heap after
{Heap after GC invocations=2 (full 0):
 garbage-first heap   total 126976K, used 9590K [0x0000000084000000, 0x0000000100000000)
  region size 1024K, 3 young (3072K), 3 survivors (3072K)
 Metaspace       used 14153K, committed 14400K, reserved 1114112K
  class space    used 1689K, committed 1792K, reserved 1048576K
}
Event: 1.097 GC heap before
{Heap before GC invocations=2 (full 0):
 garbage-first heap   total 126976K, used 52598K [0x0000000084000000, 0x0000000100000000)
  region size 1024K, 47 young (48128K), 3 survivors (3072K)
 Metaspace       used 21191K, committed 21504K, reserved 1114112K
  class space    used 2565K, committed 2752K, reserved 1048576K
}
Event: 1.102 GC heap after
{Heap after GC invocations=3 (full 0):
 garbage-first heap   total 126976K, used 13579K [0x0000000084000000, 0x0000000100000000)
  region size 1024K, 7 young (7168K), 7 survivors (7168K)
 Metaspace       used 21191K, committed 21504K, reserved 1114112K
  class space    used 2565K, committed 2752K, reserved 1048576K
}
Event: 1.437 GC heap before
{Heap before GC invocations=4 (full 0):
 garbage-first heap   total 51200K, used 37131K [0x0000000084000000, 0x0000000100000000)
  region size 1024K, 30 young (30720K), 7 survivors (7168K)
 Metaspace       used 25545K, committed 25984K, reserved 1114112K
  class space    used 3222K, committed 3392K, reserved 1048576K
}
Event: 1.441 GC heap after
{Heap after GC invocations=5 (full 0):
 garbage-first heap   total 51200K, used 16068K [0x0000000084000000, 0x0000000100000000)
  region size 1024K, 3 young (3072K), 3 survivors (3072K)
 Metaspace       used 25545K, committed 25984K, reserved 1114112K
  class space    used 3222K, committed 3392K, reserved 1048576K
}
Event: 1.701 GC heap before
{Heap before GC invocations=5 (full 0):
 garbage-first heap   total 51200K, used 38596K [0x0000000084000000, 0x0000000100000000)
  region size 1024K, 25 young (25600K), 3 survivors (3072K)
 Metaspace       used 29380K, committed 29952K, reserved 1114112K
  class space    used 3718K, committed 3968K, reserved 1048576K
}
Event: 1.704 GC heap after
{Heap after GC invocations=6 (full 0):
 garbage-first heap   total 51200K, used 17738K [0x0000000084000000, 0x0000000100000000)
  region size 1024K, 2 young (2048K), 2 survivors (2048K)
 Metaspace       used 29380K, committed 29952K, reserved 1114112K
  class space    used 3718K, committed 3968K, reserved 1048576K
}
Event: 1.954 GC heap before
{Heap before GC invocations=6 (full 0):
 garbage-first heap   total 51200K, used 37194K [0x0000000084000000, 0x0000000100000000)
  region size 1024K, 23 young (23552K), 2 survivors (2048K)
 Metaspace       used 35461K, committed 35968K, reserved 1114112K
  class space    used 4630K, committed 4864K, reserved 1048576K
}
Event: 1.956 GC heap after
{Heap after GC invocations=7 (full 0):
 garbage-first heap   total 51200K, used 18756K [0x0000000084000000, 0x0000000100000000)
  region size 1024K, 3 young (3072K), 3 survivors (3072K)
 Metaspace       used 35461K, committed 35968K, reserved 1114112K
  class space    used 4630K, committed 4864K, reserved 1048576K
}
Event: 2.347 GC heap before
{Heap before GC invocations=8 (full 0):
 garbage-first heap   total 51200K, used 41284K [0x0000000084000000, 0x0000000100000000)
  region size 1024K, 26 young (26624K), 3 survivors (3072K)
 Metaspace       used 45866K, committed 46400K, reserved 1114112K
  class space    used 5904K, committed 6144K, reserved 1048576K
}
Event: 2.350 GC heap after
{Heap after GC invocations=9 (full 0):
 garbage-first heap   total 61440K, used 21263K [0x0000000084000000, 0x0000000100000000)
  region size 1024K, 4 young (4096K), 4 survivors (4096K)
 Metaspace       used 45866K, committed 46400K, reserved 1114112K
  class space    used 5904K, committed 6144K, reserved 1048576K
}
Event: 2.684 GC heap before
{Heap before GC invocations=9 (full 0):
 garbage-first heap   total 61440K, used 49935K [0x0000000084000000, 0x0000000100000000)
  region size 1024K, 33 young (33792K), 4 survivors (4096K)
 Metaspace       used 54881K, committed 55488K, reserved 1114112K
  class space    used 7282K, committed 7552K, reserved 1048576K
}
Event: 2.688 GC heap after
{Heap after GC invocations=10 (full 0):
 garbage-first heap   total 61440K, used 22971K [0x0000000084000000, 0x0000000100000000)
  region size 1024K, 5 young (5120K), 5 survivors (5120K)
 Metaspace       used 54881K, committed 55488K, reserved 1114112K
  class space    used 7282K, committed 7552K, reserved 1048576K
}
Event: 2.910 GC heap before
{Heap before GC invocations=10 (full 0):
 garbage-first heap   total 61440K, used 41403K [0x0000000084000000, 0x0000000100000000)
  region size 1024K, 24 young (24576K), 5 survivors (5120K)
 Metaspace       used 59524K, committed 60160K, reserved 1114112K
  class space    used 7876K, committed 8192K, reserved 1048576K
}
Event: 2.914 GC heap after
{Heap after GC invocations=11 (full 0):
 garbage-first heap   total 61440K, used 24480K [0x0000000084000000, 0x0000000100000000)
  region size 1024K, 4 young (4096K), 4 survivors (4096K)
 Metaspace       used 59524K, committed 60160K, reserved 1114112K
  class space    used 7876K, committed 8192K, reserved 1048576K
}

