# JRE version: Java(TM) SE Runtime Environment (21.0.1+12) (build 21.0.1+12-LTS-29)
# Java VM: Java HotSpot(TM) 64-Bit Server VM (21.0.1+12-LTS-29, mixed mode, sharing, tiered, compressed oops, compressed class ptrs, g1 gc, windows-amd64)
GC Precious Log:
 CardTable entry size: 512
 Card Set container configuration: InlinePtr #cards 4 size 8 Array Of Cards #cards 16 size 48 Howl #buckets 8 coarsen threshold 3686 Howl Bitmap #cards 512 size 80 coarsen threshold 460 Card regions per heap region 1 cards per card region 4096
 CPUs: 12 total, 12 available
 Memory: 16122M
 Large Page Support: Disabled
 NUMA Support: Disabled
 Compressed Oops: Enabled (Zero based)
 Heap Region Size: 2M
 Heap Min Capacity: 8M
 Heap Initial Capacity: 252M
 Heap Max Capacity: 4032M
 Pre-touch: Disabled
 Parallel Workers: 10
 Concurrent Workers: 3
 Concurrent Refinement Workers: 10
 Periodic GC: Disabled
Heap:
 garbage-first heap   total 98304K, used 68268K [0x0000000704000000, 0x0000000800000000)
  region size 2048K, 15 young (30720K), 3 survivors (6144K)
 Metaspace       used 87497K, committed 88320K, reserved 1179648K
  class space    used 11790K, committed 12160K, reserved 1048576K
GC Heap History (20 events):
Event: 3.702 GC heap before
{Heap before GC invocations=9 (full 0):
 garbage-first heap   total 81920K, used 66354K [0x0000000704000000, 0x0000000800000000)
  region size 2048K, 23 young (47104K), 3 survivors (6144K)
 Metaspace       used 53160K, committed 53760K, reserved 1114112K
  class space    used 6887K, committed 7168K, reserved 1048576K
}
Event: 3.708 GC heap after
{Heap after GC invocations=10 (full 0):
 garbage-first heap   total 81920K, used 28348K [0x0000000704000000, 0x0000000800000000)
  region size 2048K, 3 young (6144K), 3 survivors (6144K)
 Metaspace       used 53160K, committed 53760K, reserved 1114112K
  class space    used 6887K, committed 7168K, reserved 1048576K
}
Event: 4.042 GC heap before
{Heap before GC invocations=10 (full 0):
 garbage-first heap   total 81920K, used 52924K [0x0000000704000000, 0x0000000800000000)
  region size 2048K, 17 young (34816K), 3 survivors (6144K)
 Metaspace       used 59999K, committed 60608K, reserved 1114112K
  class space    used 7824K, committed 8128K, reserved 1048576K
}
Event: 4.046 GC heap after
{Heap after GC invocations=11 (full 0):
 garbage-first heap   total 81920K, used 30360K [0x0000000704000000, 0x0000000800000000)
  region size 2048K, 2 young (4096K), 2 survivors (4096K)
 Metaspace       used 59999K, committed 60608K, reserved 1114112K
  class space    used 7824K, committed 8128K, reserved 1048576K
}
Event: 4.529 GC heap before
{Heap before GC invocations=12 (full 0):
 garbage-first heap   total 81920K, used 69272K [0x0000000704000000, 0x0000000800000000)
  region size 2048K, 21 young (43008K), 2 survivors (4096K)
 Metaspace       used 67658K, committed 68416K, reserved 1114112K
  class space    used 9026K, committed 9344K, reserved 1048576K
}
Event: 4.532 GC heap after
{Heap after GC invocations=13 (full 0):
 garbage-first heap   total 81920K, used 31726K [0x0000000704000000, 0x0000000800000000)
  region size 2048K, 2 young (4096K), 2 survivors (4096K)
 Metaspace       used 67658K, committed 68416K, reserved 1114112K
  class space    used 9026K, committed 9344K, reserved 1048576K
}
Event: 4.885 GC heap before
{Heap before GC invocations=13 (full 0):
 garbage-first heap   total 81920K, used 70638K [0x0000000704000000, 0x0000000800000000)
  region size 2048K, 21 young (43008K), 2 survivors (4096K)
 Metaspace       used 71420K, committed 72128K, reserved 1114112K
  class space    used 9551K, committed 9856K, reserved 1048576K
}
Event: 4.890 GC heap after
{Heap after GC invocations=14 (full 0):
 garbage-first heap   total 81920K, used 33960K [0x0000000704000000, 0x0000000800000000)
  region size 2048K, 3 young (6144K), 3 survivors (6144K)
 Metaspace       used 71420K, committed 72128K, reserved 1114112K
  class space    used 9551K, committed 9856K, reserved 1048576K
}
Event: 5.084 GC heap before
{Heap before GC invocations=14 (full 0):
 garbage-first heap   total 81920K, used 68776K [0x0000000704000000, 0x0000000800000000)
  region size 2048K, 20 young (40960K), 3 survivors (6144K)
 Metaspace       used 72529K, committed 73216K, reserved 1114112K
  class space    used 9692K, committed 9984K, reserved 1048576K
}
Event: 5.087 GC heap after
{Heap after GC invocations=15 (full 0):
 garbage-first heap   total 81920K, used 35447K [0x0000000704000000, 0x0000000800000000)
  region size 2048K, 2 young (4096K), 2 survivors (4096K)
 Metaspace       used 72529K, committed 73216K, reserved 1114112K
  class space    used 9692K, committed 9984K, reserved 1048576K
}
Event: 5.279 GC heap before
{Heap before GC invocations=15 (full 0):
 garbage-first heap   total 81920K, used 72311K [0x0000000704000000, 0x0000000800000000)
  region size 2048K, 20 young (40960K), 2 survivors (4096K)
 Metaspace       used 73786K, committed 74496K, reserved 1114112K
  class space    used 9846K, committed 10176K, reserved 1048576K
}
Event: 5.283 GC heap after
{Heap after GC invocations=16 (full 0):
 garbage-first heap   total 98304K, used 36735K [0x0000000704000000, 0x0000000800000000)
  region size 2048K, 2 young (4096K), 2 survivors (4096K)
 Metaspace       used 73786K, committed 74496K, reserved 1114112K
  class space    used 9846K, committed 10176K, reserved 1048576K
}
Event: 5.658 GC heap before
{Heap before GC invocations=17 (full 0):
 garbage-first heap   total 98304K, used 85887K [0x0000000704000000, 0x0000000800000000)
  region size 2048K, 26 young (53248K), 2 survivors (4096K)
 Metaspace       used 75765K, committed 76480K, reserved 1179648K
  class space    used 10144K, committed 10432K, reserved 1048576K
}
Event: 5.662 GC heap after
{Heap after GC invocations=18 (full 0):
 garbage-first heap   total 98304K, used 39454K [0x0000000704000000, 0x0000000800000000)
  region size 2048K, 3 young (6144K), 3 survivors (6144K)
 Metaspace       used 75765K, committed 76480K, reserved 1179648K
  class space    used 10144K, committed 10432K, reserved 1048576K
}
Event: 5.951 GC heap before
{Heap before GC invocations=18 (full 0):
 garbage-first heap   total 98304K, used 84510K [0x0000000704000000, 0x0000000800000000)
  region size 2048K, 25 young (51200K), 3 survivors (6144K)
 Metaspace       used 77203K, committed 78016K, reserved 1179648K
  class space    used 10360K, committed 10752K, reserved 1048576K
}
Event: 5.956 GC heap after
{Heap after GC invocations=19 (full 0):
 garbage-first heap   total 98304K, used 40957K [0x0000000704000000, 0x0000000800000000)
  region size 2048K, 3 young (6144K), 3 survivors (6144K)
 Metaspace       used 77203K, committed 78016K, reserved 1179648K
  class space    used 10360K, committed 10752K, reserved 1048576K
}
Event: 6.209 GC heap before
{Heap before GC invocations=19 (full 0):
 garbage-first heap   total 98304K, used 86013K [0x0000000704000000, 0x0000000800000000)
  region size 2048K, 25 young (51200K), 3 survivors (6144K)
 Metaspace       used 78380K, committed 79232K, reserved 1179648K
  class space    used 10527K, committed 10944K, reserved 1048576K
}
Event: 6.214 GC heap after
{Heap after GC invocations=20 (full 0):
 garbage-first heap   total 98304K, used 43412K [0x0000000704000000, 0x0000000800000000)
  region size 2048K, 3 young (6144K), 3 survivors (6144K)
 Metaspace       used 78380K, committed 79232K, reserved 1179648K
  class space    used 10527K, committed 10944K, reserved 1048576K
}
Event: 11.031 GC heap before
{Heap before GC invocations=21 (full 0):
 garbage-first heap   total 98304K, used 80276K [0x0000000704000000, 0x0000000800000000)
  region size 2048K, 22 young (45056K), 3 survivors (6144K)
 Metaspace       used 84765K, committed 85632K, reserved 1179648K
  class space    used 11387K, committed 11776K, reserved 1048576K
}
Event: 11.036 GC heap after
{Heap after GC invocations=22 (full 0):
 garbage-first heap   total 98304K, used 45740K [0x0000000704000000, 0x0000000800000000)
  region size 2048K, 3 young (6144K), 3 survivors (6144K)
 Metaspace       used 84765K, committed 85632K, reserved 1179648K
  class space    used 11387K, committed 11776K, reserved 1048576K
}

