# JRE version: OpenJDK Runtime Environment Temurin-17.0.9+9 (17.0.9+9) (build 17.0.9+9)
# Java VM: OpenJDK 64-Bit Server VM Temurin-17.0.9+9 (17.0.9+9, mixed mode, emulated-client, tiered, compressed oops, compressed class ptrs, g1 gc, windows-amd64)
GC Precious Log:
 CPUs: 12 total, 12 available
 Memory: 7913M
 Large Page Support: Disabled
 NUMA Support: Disabled
 Compressed Oops: Enabled (32-bit)
 Heap Region Size: 1M
 Heap Min Capacity: 8M
 Heap Initial Capacity: 124M
 Heap Max Capacity: 1G
 Pre-touch: Disabled
 Parallel Workers: 10
 Concurrent Workers: 3
 Concurrent Refinement Workers: 10
 Periodic GC: Disabled
Heap:
 garbage-first heap   total 92160K, used 36650K [0x00000000c0000000, 0x0000000100000000)
  region size 1024K, 1 young (1024K), 0 survivors (0K)
 Metaspace       used 57432K, committed 58112K, reserved 1114112K
  class space    used 7077K, committed 7360K, reserved 1048576K
GC Heap History (20 events):
Event: 73.787 GC heap before
{Heap before GC invocations=17 (full 3):
 garbage-first heap   total 92160K, used 36654K [0x00000000c0000000, 0x0000000100000000)
  region size 1024K, 1 young (1024K), 0 survivors (0K)
 Metaspace       used 57432K, committed 58112K, reserved 1114112K
  class space    used 7077K, committed 7360K, reserved 1048576K
}
Event: 73.808 GC heap after
{Heap after GC invocations=18 (full 4):
 garbage-first heap   total 92160K, used 36650K [0x00000000c0000000, 0x0000000100000000)
  region size 1024K, 0 young (0K), 0 survivors (0K)
 Metaspace       used 57432K, committed 58112K, reserved 1114112K
  class space    used 7077K, committed 7360K, reserved 1048576K
}
Event: 83.864 GC heap before
{Heap before GC invocations=18 (full 4):
 garbage-first heap   total 92160K, used 36650K [0x00000000c0000000, 0x0000000100000000)
  region size 1024K, 1 young (1024K), 0 survivors (0K)
 Metaspace       used 57432K, committed 58112K, reserved 1114112K
  class space    used 7077K, committed 7360K, reserved 1048576K
}
Event: 83.883 GC heap after
{Heap after GC invocations=19 (full 5):
 garbage-first heap   total 92160K, used 36650K [0x00000000c0000000, 0x0000000100000000)
  region size 1024K, 0 young (0K), 0 survivors (0K)
 Metaspace       used 57432K, committed 58112K, reserved 1114112K
  class space    used 7077K, committed 7360K, reserved 1048576K
}
Event: 93.939 GC heap before
{Heap before GC invocations=19 (full 5):
 garbage-first heap   total 92160K, used 36650K [0x00000000c0000000, 0x0000000100000000)
  region size 1024K, 1 young (1024K), 0 survivors (0K)
 Metaspace       used 57432K, committed 58112K, reserved 1114112K
  class space    used 7077K, committed 7360K, reserved 1048576K
}
Event: 93.957 GC heap after
{Heap after GC invocations=20 (full 6):
 garbage-first heap   total 92160K, used 36650K [0x00000000c0000000, 0x0000000100000000)
  region size 1024K, 0 young (0K), 0 survivors (0K)
 Metaspace       used 57432K, committed 58112K, reserved 1114112K
  class space    used 7077K, committed 7360K, reserved 1048576K
}
Event: 104.018 GC heap before
{Heap before GC invocations=20 (full 6):
 garbage-first heap   total 92160K, used 36650K [0x00000000c0000000, 0x0000000100000000)
  region size 1024K, 1 young (1024K), 0 survivors (0K)
 Metaspace       used 57432K, committed 58112K, reserved 1114112K
  class space    used 7077K, committed 7360K, reserved 1048576K
}
Event: 104.037 GC heap after
{Heap after GC invocations=21 (full 7):
 garbage-first heap   total 92160K, used 36650K [0x00000000c0000000, 0x0000000100000000)
  region size 1024K, 0 young (0K), 0 survivors (0K)
 Metaspace       used 57432K, committed 58112K, reserved 1114112K
  class space    used 7077K, committed 7360K, reserved 1048576K
}
Event: 114.096 GC heap before
{Heap before GC invocations=21 (full 7):
 garbage-first heap   total 92160K, used 36650K [0x00000000c0000000, 0x0000000100000000)
  region size 1024K, 1 young (1024K), 0 survivors (0K)
 Metaspace       used 57432K, committed 58112K, reserved 1114112K
  class space    used 7077K, committed 7360K, reserved 1048576K
}
Event: 114.114 GC heap after
{Heap after GC invocations=22 (full 8):
 garbage-first heap   total 92160K, used 36650K [0x00000000c0000000, 0x0000000100000000)
  region size 1024K, 0 young (0K), 0 survivors (0K)
 Metaspace       used 57432K, committed 58112K, reserved 1114112K
  class space    used 7077K, committed 7360K, reserved 1048576K
}
Event: 124.169 GC heap before
{Heap before GC invocations=22 (full 8):
 garbage-first heap   total 92160K, used 36650K [0x00000000c0000000, 0x0000000100000000)
  region size 1024K, 1 young (1024K), 0 survivors (0K)
 Metaspace       used 57432K, committed 58112K, reserved 1114112K
  class space    used 7077K, committed 7360K, reserved 1048576K
}
Event: 124.188 GC heap after
{Heap after GC invocations=23 (full 9):
 garbage-first heap   total 92160K, used 36650K [0x00000000c0000000, 0x0000000100000000)
  region size 1024K, 0 young (0K), 0 survivors (0K)
 Metaspace       used 57432K, committed 58112K, reserved 1114112K
  class space    used 7077K, committed 7360K, reserved 1048576K
}
Event: 134.245 GC heap before
{Heap before GC invocations=23 (full 9):
 garbage-first heap   total 92160K, used 36650K [0x00000000c0000000, 0x0000000100000000)
  region size 1024K, 1 young (1024K), 0 survivors (0K)
 Metaspace       used 57432K, committed 58112K, reserved 1114112K
  class space    used 7077K, committed 7360K, reserved 1048576K
}
Event: 134.263 GC heap after
{Heap after GC invocations=24 (full 10):
 garbage-first heap   total 92160K, used 36650K [0x00000000c0000000, 0x0000000100000000)
  region size 1024K, 0 young (0K), 0 survivors (0K)
 Metaspace       used 57432K, committed 58112K, reserved 1114112K
  class space    used 7077K, committed 7360K, reserved 1048576K
}
Event: 144.320 GC heap before
{Heap before GC invocations=24 (full 10):
 garbage-first heap   total 92160K, used 36650K [0x00000000c0000000, 0x0000000100000000)
  region size 1024K, 1 young (1024K), 0 survivors (0K)
 Metaspace       used 57432K, committed 58112K, reserved 1114112K
  class space    used 7077K, committed 7360K, reserved 1048576K
}
Event: 144.339 GC heap after
{Heap after GC invocations=25 (full 11):
 garbage-first heap   total 92160K, used 36650K [0x00000000c0000000, 0x0000000100000000)
  region size 1024K, 0 young (0K), 0 survivors (0K)
 Metaspace       used 57432K, committed 58112K, reserved 1114112K
  class space    used 7077K, committed 7360K, reserved 1048576K
}
Event: 154.396 GC heap before
{Heap before GC invocations=25 (full 11):
 garbage-first heap   total 92160K, used 36650K [0x00000000c0000000, 0x0000000100000000)
  region size 1024K, 1 young (1024K), 0 survivors (0K)
 Metaspace       used 57432K, committed 58112K, reserved 1114112K
  class space    used 7077K, committed 7360K, reserved 1048576K
}
Event: 154.414 GC heap after
{Heap after GC invocations=26 (full 12):
 garbage-first heap   total 92160K, used 36650K [0x00000000c0000000, 0x0000000100000000)
  region size 1024K, 0 young (0K), 0 survivors (0K)
 Metaspace       used 57432K, committed 58112K, reserved 1114112K
  class space    used 7077K, committed 7360K, reserved 1048576K
}
Event: 164.471 GC heap before
{Heap before GC invocations=26 (full 12):
 garbage-first heap   total 92160K, used 36650K [0x00000000c0000000, 0x0000000100000000)
  region size 1024K, 1 young (1024K), 0 survivors (0K)
 Metaspace       used 57432K, committed 58112K, reserved 1114112K
  class space    used 7077K, committed 7360K, reserved 1048576K
}
Event: 164.489 GC heap after
{Heap after GC invocations=27 (full 13):
 garbage-first heap   total 92160K, used 36650K [0x00000000c0000000, 0x0000000100000000)
  region size 1024K, 0 young (0K), 0 survivors (0K)
 Metaspace       used 57432K, committed 58112K, reserved 1114112K
  class space    used 7077K, committed 7360K, reserved 1048576K
}

