# JRE version: Java(TM) SE Runtime Environment (21.0.1+12) (build 21.0.1+12-LTS-29)
# Java VM: Java HotSpot(TM) 64-Bit Server VM (21.0.1+12-LTS-29, mixed mode, sharing, tiered, compressed oops, compressed class ptrs, g1 gc, windows-amd64)
GC Precious Log:
 CardTable entry size: 512
 Card Set container configuration: InlinePtr #cards 4 size 8 Array Of Cards #cards 16 size 48 Howl #buckets 8 coarsen threshold 3686 Howl Bitmap #cards 512 size 80 coarsen threshold 460 Card regions per heap region 1 cards per card region 4096
 CPUs: 12 total, 12 available
 Memory: 16122M
 Large Page Support: Disabled
 NUMA Support: Disabled
 Compressed Oops: Enabled (Zero based)
 Heap Region Size: 2M
 Heap Min Capacity: 8M
 Heap Initial Capacity: 252M
 Heap Max Capacity: 4032M
 Pre-touch: Disabled
 Parallel Workers: 10
 Concurrent Workers: 3
 Concurrent Refinement Workers: 10
 Periodic GC: Disabled
Heap:
 garbage-first heap   total 120832K, used 55938K [0x0000000704000000, 0x0000000800000000)
  region size 2048K, 7 young (14336K), 3 survivors (6144K)
 Metaspace       used 92628K, committed 93312K, reserved 1179648K
  class space    used 12400K, committed 12736K, reserved 1048576K
GC Heap History (20 events):
Event: 7.417 GC heap before
{Heap before GC invocations=17 (full 0):
 garbage-first heap   total 100352K, used 86146K [0x0000000704000000, 0x0000000800000000)
  region size 2048K, 25 young (51200K), 3 survivors (6144K)
 Metaspace       used 78782K, committed 79680K, reserved 1179648K
  class space    used 10545K, committed 10944K, reserved 1048576K
}
Event: 7.421 GC heap after
{Heap after GC invocations=18 (full 0):
 garbage-first heap   total 100352K, used 43357K [0x0000000704000000, 0x0000000800000000)
  region size 2048K, 3 young (6144K), 3 survivors (6144K)
 Metaspace       used 78782K, committed 79680K, reserved 1179648K
  class space    used 10545K, committed 10944K, reserved 1048576K
}
Event: 107.031 GC heap before
{Heap before GC invocations=18 (full 0):
 garbage-first heap   total 100352K, used 86365K [0x0000000704000000, 0x0000000800000000)
  region size 2048K, 24 young (49152K), 3 survivors (6144K)
 Metaspace       used 83253K, committed 84096K, reserved 1179648K
  class space    used 11158K, committed 11520K, reserved 1048576K
}
Event: 107.041 GC heap after
{Heap after GC invocations=19 (full 0):
 garbage-first heap   total 100352K, used 45775K [0x0000000704000000, 0x0000000800000000)
  region size 2048K, 3 young (6144K), 3 survivors (6144K)
 Metaspace       used 83253K, committed 84096K, reserved 1179648K
  class space    used 11158K, committed 11520K, reserved 1048576K
}
Event: 405.234 GC heap before
{Heap before GC invocations=19 (full 0):
 garbage-first heap   total 100352K, used 84687K [0x0000000704000000, 0x0000000800000000)
  region size 2048K, 23 young (47104K), 3 survivors (6144K)
 Metaspace       used 89118K, committed 89984K, reserved 1179648K
  class space    used 12017K, committed 12416K, reserved 1048576K
}
Event: 405.240 GC heap after
{Heap after GC invocations=20 (full 0):
 garbage-first heap   total 100352K, used 47458K [0x0000000704000000, 0x0000000800000000)
  region size 2048K, 3 young (6144K), 3 survivors (6144K)
 Metaspace       used 89118K, committed 89984K, reserved 1179648K
  class space    used 12017K, committed 12416K, reserved 1048576K
}
Event: 799.642 GC heap before
{Heap before GC invocations=20 (full 0):
 garbage-first heap   total 100352K, used 82274K [0x0000000704000000, 0x0000000800000000)
  region size 2048K, 21 young (43008K), 3 survivors (6144K)
 Metaspace       used 90862K, committed 91840K, reserved 1179648K
  class space    used 12222K, committed 12672K, reserved 1048576K
}
Event: 799.650 GC heap after
{Heap after GC invocations=21 (full 0):
 garbage-first heap   total 100352K, used 48338K [0x0000000704000000, 0x0000000800000000)
  region size 2048K, 2 young (4096K), 2 survivors (4096K)
 Metaspace       used 90862K, committed 91840K, reserved 1179648K
  class space    used 12222K, committed 12672K, reserved 1048576K
}
Event: 1474.706 GC heap before
{Heap before GC invocations=21 (full 0):
 garbage-first heap   total 100352K, used 87250K [0x0000000704000000, 0x0000000800000000)
  region size 2048K, 21 young (43008K), 2 survivors (4096K)
 Metaspace       used 90877K, committed 91840K, reserved 1179648K
  class space    used 12222K, committed 12672K, reserved 1048576K
}
Event: 1474.722 GC heap after
{Heap after GC invocations=22 (full 0):
 garbage-first heap   total 100352K, used 48389K [0x0000000704000000, 0x0000000800000000)
  region size 2048K, 2 young (4096K), 2 survivors (4096K)
 Metaspace       used 90877K, committed 91840K, reserved 1179648K
  class space    used 12222K, committed 12672K, reserved 1048576K
}
Event: 2045.277 GC heap before
{Heap before GC invocations=23 (full 0):
 garbage-first heap   total 100352K, used 87301K [0x0000000704000000, 0x0000000800000000)
  region size 2048K, 21 young (43008K), 2 survivors (4096K)
 Metaspace       used 91001K, committed 91904K, reserved 1179648K
  class space    used 12227K, committed 12672K, reserved 1048576K
}
Event: 2045.282 GC heap after
{Heap after GC invocations=24 (full 0):
 garbage-first heap   total 120832K, used 48882K [0x0000000704000000, 0x0000000800000000)
  region size 2048K, 2 young (4096K), 2 survivors (4096K)
 Metaspace       used 91001K, committed 91904K, reserved 1179648K
  class space    used 12227K, committed 12672K, reserved 1048576K
}
Event: 3011.589 GC heap before
{Heap before GC invocations=24 (full 0):
 garbage-first heap   total 120832K, used 106226K [0x0000000704000000, 0x0000000800000000)
  region size 2048K, 30 young (61440K), 2 survivors (4096K)
 Metaspace       used 91047K, committed 92032K, reserved 1179648K
  class space    used 12227K, committed 12672K, reserved 1048576K
}
Event: 3011.602 GC heap after
{Heap after GC invocations=25 (full 0):
 garbage-first heap   total 120832K, used 47813K [0x0000000704000000, 0x0000000800000000)
  region size 2048K, 2 young (4096K), 2 survivors (4096K)
 Metaspace       used 91047K, committed 92032K, reserved 1179648K
  class space    used 12227K, committed 12672K, reserved 1048576K
}
Event: 3977.186 GC heap before
{Heap before GC invocations=25 (full 0):
 garbage-first heap   total 120832K, used 107205K [0x0000000704000000, 0x0000000800000000)
  region size 2048K, 31 young (63488K), 2 survivors (4096K)
 Metaspace       used 91145K, committed 92096K, reserved 1179648K
  class space    used 12228K, committed 12672K, reserved 1048576K
}
Event: 3977.191 GC heap after
{Heap after GC invocations=26 (full 0):
 garbage-first heap   total 120832K, used 48321K [0x0000000704000000, 0x0000000800000000)
  region size 2048K, 3 young (6144K), 3 survivors (6144K)
 Metaspace       used 91145K, committed 92096K, reserved 1179648K
  class space    used 12228K, committed 12672K, reserved 1048576K
}
Event: 4953.814 GC heap before
{Heap before GC invocations=26 (full 0):
 garbage-first heap   total 120832K, used 103617K [0x0000000704000000, 0x0000000800000000)
  region size 2048K, 30 young (61440K), 3 survivors (6144K)
 Metaspace       used 91146K, committed 92096K, reserved 1179648K
  class space    used 12228K, committed 12672K, reserved 1048576K
}
Event: 4953.817 GC heap after
{Heap after GC invocations=27 (full 0):
 garbage-first heap   total 120832K, used 47865K [0x0000000704000000, 0x0000000800000000)
  region size 2048K, 2 young (4096K), 2 survivors (4096K)
 Metaspace       used 91146K, committed 92096K, reserved 1179648K
  class space    used 12228K, committed 12672K, reserved 1048576K
}
Event: 5661.035 GC heap before
{Heap before GC invocations=28 (full 0):
 garbage-first heap   total 120832K, used 105209K [0x0000000704000000, 0x0000000800000000)
  region size 2048K, 31 young (63488K), 2 survivors (4096K)
 Metaspace       used 92205K, committed 92992K, reserved 1179648K
  class space    used 12350K, committed 12736K, reserved 1048576K
}
Event: 5661.046 GC heap after
{Heap after GC invocations=29 (full 0):
 garbage-first heap   total 120832K, used 49794K [0x0000000704000000, 0x0000000800000000)
  region size 2048K, 3 young (6144K), 3 survivors (6144K)
 Metaspace       used 92205K, committed 92992K, reserved 1179648K
  class space    used 12350K, committed 12736K, reserved 1048576K
}

