# JRE version: Java(TM) SE Runtime Environment (21.0.1+12) (build 21.0.1+12-LTS-29)
# Java VM: Java HotSpot(TM) 64-Bit Server VM (21.0.1+12-LTS-29, mixed mode, sharing, tiered, compressed oops, compressed class ptrs, g1 gc, windows-amd64)
GC Precious Log:
 CardTable entry size: 512
 Card Set container configuration: InlinePtr #cards 4 size 8 Array Of Cards #cards 16 size 48 Howl #buckets 8 coarsen threshold 3686 Howl Bitmap #cards 512 size 80 coarsen threshold 460 Card regions per heap region 1 cards per card region 4096
 CPUs: 12 total, 12 available
 Memory: 16122M
 Large Page Support: Disabled
 NUMA Support: Disabled
 Compressed Oops: Enabled (Zero based)
 Heap Region Size: 2M
 Heap Min Capacity: 8M
 Heap Initial Capacity: 252M
 Heap Max Capacity: 4032M
 Pre-touch: Disabled
 Parallel Workers: 10
 Concurrent Workers: 3
 Concurrent Refinement Workers: 10
 Periodic GC: Disabled
Heap:
 garbage-first heap   total 108544K, used 62634K [0x0000000704000000, 0x0000000800000000)
  region size 2048K, 10 young (20480K), 2 survivors (4096K)
 Metaspace       used 93424K, committed 94400K, reserved 1179648K
  class space    used 12420K, committed 12864K, reserved 1048576K
GC Heap History (20 events):
Event: 7.829 GC heap before
{Heap before GC invocations=17 (full 0):
 garbage-first heap   total 90112K, used 74170K [0x0000000704000000, 0x0000000800000000)
  region size 2048K, 22 young (45056K), 3 survivors (6144K)
 Metaspace       used 74531K, committed 75264K, reserved 1114112K
  class space    used 9940K, committed 10240K, reserved 1048576K
}
Event: 7.832 GC heap after
{Heap after GC invocations=18 (full 0):
 garbage-first heap   total 90112K, used 37042K [0x0000000704000000, 0x0000000800000000)
  region size 2048K, 2 young (4096K), 2 survivors (4096K)
 Metaspace       used 74531K, committed 75264K, reserved 1114112K
  class space    used 9940K, committed 10240K, reserved 1048576K
}
Event: 8.323 GC heap before
{Heap before GC invocations=19 (full 0):
 garbage-first heap   total 90112K, used 78002K [0x0000000704000000, 0x0000000800000000)
  region size 2048K, 22 young (45056K), 2 survivors (4096K)
 Metaspace       used 75703K, committed 76416K, reserved 1179648K
  class space    used 10128K, committed 10432K, reserved 1048576K
}
Event: 8.328 GC heap after
{Heap after GC invocations=20 (full 0):
 garbage-first heap   total 90112K, used 39340K [0x0000000704000000, 0x0000000800000000)
  region size 2048K, 3 young (6144K), 3 survivors (6144K)
 Metaspace       used 75703K, committed 76416K, reserved 1179648K
  class space    used 10128K, committed 10432K, reserved 1048576K
}
Event: 8.724 GC heap before
{Heap before GC invocations=20 (full 0):
 garbage-first heap   total 90112K, used 74156K [0x0000000704000000, 0x0000000800000000)
  region size 2048K, 20 young (40960K), 3 survivors (6144K)
 Metaspace       used 76672K, committed 77504K, reserved 1179648K
  class space    used 10288K, committed 10688K, reserved 1048576K
}
Event: 8.730 GC heap after
{Heap after GC invocations=21 (full 0):
 garbage-first heap   total 90112K, used 40687K [0x0000000704000000, 0x0000000800000000)
  region size 2048K, 2 young (4096K), 2 survivors (4096K)
 Metaspace       used 76672K, committed 77504K, reserved 1179648K
  class space    used 10288K, committed 10688K, reserved 1048576K
}
Event: 9.076 GC heap before
{Heap before GC invocations=21 (full 0):
 garbage-first heap   total 90112K, used 79599K [0x0000000704000000, 0x0000000800000000)
  region size 2048K, 21 young (43008K), 2 survivors (4096K)
 Metaspace       used 78094K, committed 78912K, reserved 1179648K
  class space    used 10474K, committed 10880K, reserved 1048576K
}
Event: 9.080 GC heap after
{Heap after GC invocations=22 (full 0):
 garbage-first heap   total 90112K, used 42388K [0x0000000704000000, 0x0000000800000000)
  region size 2048K, 2 young (4096K), 2 survivors (4096K)
 Metaspace       used 78094K, committed 78912K, reserved 1179648K
  class space    used 10474K, committed 10880K, reserved 1048576K
}
Event: 9.465 GC heap before
{Heap before GC invocations=23 (full 0):
 garbage-first heap   total 90112K, used 79252K [0x0000000704000000, 0x0000000800000000)
  region size 2048K, 20 young (40960K), 2 survivors (4096K)
 Metaspace       used 79547K, committed 80448K, reserved 1179648K
  class space    used 10713K, committed 11136K, reserved 1048576K
}
Event: 9.469 GC heap after
{Heap after GC invocations=24 (full 0):
 garbage-first heap   total 90112K, used 43869K [0x0000000704000000, 0x0000000800000000)
  region size 2048K, 2 young (4096K), 2 survivors (4096K)
 Metaspace       used 79547K, committed 80448K, reserved 1179648K
  class space    used 10713K, committed 11136K, reserved 1048576K
}
Event: 125.574 GC heap before
{Heap before GC invocations=24 (full 0):
 garbage-first heap   total 90112K, used 76637K [0x0000000704000000, 0x0000000800000000)
  region size 2048K, 19 young (38912K), 2 survivors (4096K)
 Metaspace       used 86482K, committed 87296K, reserved 1179648K
  class space    used 11689K, committed 12032K, reserved 1048576K
}
Event: 125.582 GC heap after
{Heap after GC invocations=25 (full 0):
 garbage-first heap   total 108544K, used 45630K [0x0000000704000000, 0x0000000800000000)
  region size 2048K, 3 young (6144K), 3 survivors (6144K)
 Metaspace       used 86482K, committed 87296K, reserved 1179648K
  class space    used 11689K, committed 12032K, reserved 1048576K
}
Event: 622.761 GC heap before
{Heap before GC invocations=25 (full 0):
 garbage-first heap   total 108544K, used 88638K [0x0000000704000000, 0x0000000800000000)
  region size 2048K, 25 young (51200K), 3 survivors (6144K)
 Metaspace       used 89637K, committed 90560K, reserved 1179648K
  class space    used 12086K, committed 12480K, reserved 1048576K
}
Event: 622.767 GC heap after
{Heap after GC invocations=26 (full 0):
 garbage-first heap   total 108544K, used 47519K [0x0000000704000000, 0x0000000800000000)
  region size 2048K, 3 young (6144K), 3 survivors (6144K)
 Metaspace       used 89637K, committed 90560K, reserved 1179648K
  class space    used 12086K, committed 12480K, reserved 1048576K
}
Event: 1134.375 GC heap before
{Heap before GC invocations=26 (full 0):
 garbage-first heap   total 108544K, used 92575K [0x0000000704000000, 0x0000000800000000)
  region size 2048K, 25 young (51200K), 3 survivors (6144K)
 Metaspace       used 91308K, committed 92160K, reserved 1179648K
  class space    used 12250K, committed 12608K, reserved 1048576K
}
Event: 1134.400 GC heap after
{Heap after GC invocations=27 (full 0):
 garbage-first heap   total 108544K, used 47658K [0x0000000704000000, 0x0000000800000000)
  region size 2048K, 3 young (6144K), 3 survivors (6144K)
 Metaspace       used 91308K, committed 92160K, reserved 1179648K
  class space    used 12250K, committed 12608K, reserved 1048576K
}
Event: 1565.615 GC heap before
{Heap before GC invocations=28 (full 0):
 garbage-first heap   total 108544K, used 90666K [0x0000000704000000, 0x0000000800000000)
  region size 2048K, 24 young (49152K), 3 survivors (6144K)
 Metaspace       used 92115K, committed 92992K, reserved 1179648K
  class space    used 12274K, committed 12672K, reserved 1048576K
}
Event: 1565.626 GC heap after
{Heap after GC invocations=29 (full 0):
 garbage-first heap   total 108544K, used 47910K [0x0000000704000000, 0x0000000800000000)
  region size 2048K, 2 young (4096K), 2 survivors (4096K)
 Metaspace       used 92115K, committed 92992K, reserved 1179648K
  class space    used 12274K, committed 12672K, reserved 1048576K
}
Event: 2042.489 GC heap before
{Heap before GC invocations=29 (full 0):
 garbage-first heap   total 108544K, used 92966K [0x0000000704000000, 0x0000000800000000)
  region size 2048K, 24 young (49152K), 2 survivors (4096K)
 Metaspace       used 92706K, committed 93696K, reserved 1179648K
  class space    used 12292K, committed 12800K, reserved 1048576K
}
Event: 2042.508 GC heap after
{Heap after GC invocations=30 (full 0):
 garbage-first heap   total 108544K, used 48298K [0x0000000704000000, 0x0000000800000000)
  region size 2048K, 2 young (4096K), 2 survivors (4096K)
 Metaspace       used 92706K, committed 93696K, reserved 1179648K
  class space    used 12292K, committed 12800K, reserved 1048576K
}

